error: uncaughtException: listen EADDRINUSE: address already in use :::3000
Error: listen EADDRINUSE: address already in use :::3000
    at Server.setupListenHandle [as _listen2] (node:net:1372:16)
    at listenInCluster (node:net:1420:12)
    at Server.listen (node:net:1508:7)
    at Function.listen (/home/akhil/CFP238/FireBase Project/Fundoo-Note-Firebase/node_modules/express/lib/application.js:635:24)
    at Object.<anonymous> (/home/akhil/CFP238/FireBase Project/Fundoo-Note-Firebase/src/index.js:37:5)
    at Module._compile (node:internal/modules/cjs/loader:1105:14)
    at Module._compile (/home/akhil/CFP238/FireBase Project/Fundoo-Note-Firebase/node_modules/pirates/lib/index.js:117:24)
    at Module._extensions..js (node:internal/modules/cjs/loader:1159:10)
    at Object.newLoader [as .js] (/home/akhil/CFP238/FireBase Project/Fundoo-Note-Firebase/node_modules/pirates/lib/index.js:121:7)
    at Module.load (node:internal/modules/cjs/loader:981:32)
    at Function.Module._load (node:internal/modules/cjs/loader:822:12)
    at Function.runMain (node:internal/modules/run_main:77:12)
    at Object.<anonymous> (/home/akhil/CFP238/FireBase Project/Fundoo-Note-Firebase/node_modules/@babel/node/src/_babel-node.ts:222:12)
    at Module._compile (node:internal/modules/cjs/loader:1105:14)
    at Object.Module._extensions..js (node:internal/modules/cjs/loader:1159:10)
    at Module.load (node:internal/modules/cjs/loader:981:32)
    at Function.Module._load (node:internal/modules/cjs/loader:822:12)
    at Function.executeUserEntryPoint [as runMain] (node:internal/modules/run_main:77:12)
    at node:internal/main/run_main_module:17:47 {"date":"Fri Aug 18 2023 18:24:35 GMT+0530 (India Standard Time)","error":{"address":"::","code":"EADDRINUSE","errno":-98,"port":3000,"syscall":"listen"},"exception":true,"os":{"loadavg":[3.09,2.54,2],"uptime":26965.03},"process":{"argv":["node","/home/akhil/CFP238/FireBase Project/Fundoo-Note-Firebase/src/index.js"],"cwd":"/home/akhil/CFP238/FireBase Project/Fundoo-Note-Firebase","execPath":"/usr/local/bin/node","gid":1000,"memoryUsage":{"arrayBuffers":1184634,"external":3780837,"heapTotal":95739904,"heapUsed":62683656,"rss":150745088},"pid":55267,"uid":1000,"version":"v16.16.0"},"stack":"Error: listen EADDRINUSE: address already in use :::3000\n    at Server.setupListenHandle [as _listen2] (node:net:1372:16)\n    at listenInCluster (node:net:1420:12)\n    at Server.listen (node:net:1508:7)\n    at Function.listen (/home/akhil/CFP238/FireBase Project/Fundoo-Note-Firebase/node_modules/express/lib/application.js:635:24)\n    at Object.<anonymous> (/home/akhil/CFP238/FireBase Project/Fundoo-Note-Firebase/src/index.js:37:5)\n    at Module._compile (node:internal/modules/cjs/loader:1105:14)\n    at Module._compile (/home/akhil/CFP238/FireBase Project/Fundoo-Note-Firebase/node_modules/pirates/lib/index.js:117:24)\n    at Module._extensions..js (node:internal/modules/cjs/loader:1159:10)\n    at Object.newLoader [as .js] (/home/akhil/CFP238/FireBase Project/Fundoo-Note-Firebase/node_modules/pirates/lib/index.js:121:7)\n    at Module.load (node:internal/modules/cjs/loader:981:32)\n    at Function.Module._load (node:internal/modules/cjs/loader:822:12)\n    at Function.runMain (node:internal/modules/run_main:77:12)\n    at Object.<anonymous> (/home/akhil/CFP238/FireBase Project/Fundoo-Note-Firebase/node_modules/@babel/node/src/_babel-node.ts:222:12)\n    at Module._compile (node:internal/modules/cjs/loader:1105:14)\n    at Object.Module._extensions..js (node:internal/modules/cjs/loader:1159:10)\n    at Module.load (node:internal/modules/cjs/loader:981:32)\n    at Function.Module._load (node:internal/modules/cjs/loader:822:12)\n    at Function.executeUserEntryPoint [as runMain] (node:internal/modules/run_main:77:12)\n    at node:internal/main/run_main_module:17:47","trace":[{"column":16,"file":"node:net","function":"Server.setupListenHandle [as _listen2]","line":1372,"method":"setupListenHandle [as _listen2]","native":false},{"column":12,"file":"node:net","function":"listenInCluster","line":1420,"method":null,"native":false},{"column":7,"file":"node:net","function":"Server.listen","line":1508,"method":"listen","native":false},{"column":24,"file":"/home/akhil/CFP238/FireBase Project/Fundoo-Note-Firebase/node_modules/express/lib/application.js","function":"Function.listen","line":635,"method":"listen","native":false},{"column":5,"file":"/home/akhil/CFP238/FireBase Project/Fundoo-Note-Firebase/src/index.js","function":null,"line":37,"method":null,"native":false},{"column":14,"file":"node:internal/modules/cjs/loader","function":"Module._compile","line":1105,"method":"_compile","native":false},{"column":24,"file":"/home/akhil/CFP238/FireBase Project/Fundoo-Note-Firebase/node_modules/pirates/lib/index.js","function":"Module._compile","line":117,"method":"_compile","native":false},{"column":10,"file":"node:internal/modules/cjs/loader","function":"Module._extensions..js","line":1159,"method":".js","native":false},{"column":7,"file":"/home/akhil/CFP238/FireBase Project/Fundoo-Note-Firebase/node_modules/pirates/lib/index.js","function":"Object.newLoader [as .js]","line":121,"method":"js]","native":false},{"column":32,"file":"node:internal/modules/cjs/loader","function":"Module.load","line":981,"method":"load","native":false},{"column":12,"file":"node:internal/modules/cjs/loader","function":"Module._load","line":822,"method":"_load","native":false},{"column":12,"file":"node:internal/modules/run_main","function":"Function.runMain","line":77,"method":"runMain","native":false},{"column":12,"file":"/home/akhil/CFP238/FireBase Project/Fundoo-Note-Firebase/node_modules/@babel/node/src/_babel-node.ts","function":null,"line":222,"method":null,"native":false},{"column":14,"file":"node:internal/modules/cjs/loader","function":"Module._compile","line":1105,"method":"_compile","native":false},{"column":10,"file":"node:internal/modules/cjs/loader","function":"Module._extensions..js","line":1159,"method":".js","native":false},{"column":32,"file":"node:internal/modules/cjs/loader","function":"Module.load","line":981,"method":"load","native":false},{"column":12,"file":"node:internal/modules/cjs/loader","function":"Module._load","line":822,"method":"_load","native":false},{"column":12,"file":"node:internal/modules/run_main","function":"Function.executeUserEntryPoint [as runMain]","line":77,"method":"executeUserEntryPoint [as runMain]","native":false},{"column":47,"file":"node:internal/main/run_main_module","function":null,"line":17,"method":null,"native":false}]}
error: uncaughtException: listen EADDRINUSE: address already in use :::3003
Error: listen EADDRINUSE: address already in use :::3003
    at Server.setupListenHandle [as _listen2] (node:net:1372:16)
    at listenInCluster (node:net:1420:12)
    at Server.listen (node:net:1508:7)
    at Function.listen (/home/akhil/CFP238/FireBase Project/Fundoo-Note-Firebase/node_modules/express/lib/application.js:635:24)
    at Object.<anonymous> (/home/akhil/CFP238/FireBase Project/Fundoo-Note-Firebase/src/index.js:37:5)
    at Module._compile (node:internal/modules/cjs/loader:1105:14)
    at Module._compile (/home/akhil/CFP238/FireBase Project/Fundoo-Note-Firebase/node_modules/pirates/lib/index.js:117:24)
    at Module._extensions..js (node:internal/modules/cjs/loader:1159:10)
    at Object.newLoader [as .js] (/home/akhil/CFP238/FireBase Project/Fundoo-Note-Firebase/node_modules/pirates/lib/index.js:121:7)
    at Module.load (node:internal/modules/cjs/loader:981:32)
    at Function.Module._load (node:internal/modules/cjs/loader:822:12)
    at Function.runMain (node:internal/modules/run_main:77:12)
    at Object.<anonymous> (/home/akhil/CFP238/FireBase Project/Fundoo-Note-Firebase/node_modules/@babel/node/src/_babel-node.ts:222:12)
    at Module._compile (node:internal/modules/cjs/loader:1105:14)
    at Object.Module._extensions..js (node:internal/modules/cjs/loader:1159:10)
    at Module.load (node:internal/modules/cjs/loader:981:32)
    at Function.Module._load (node:internal/modules/cjs/loader:822:12)
    at Function.executeUserEntryPoint [as runMain] (node:internal/modules/run_main:77:12)
    at node:internal/main/run_main_module:17:47 {"date":"Fri Aug 18 2023 18:25:16 GMT+0530 (India Standard Time)","error":{"address":"::","code":"EADDRINUSE","errno":-98,"port":3003,"syscall":"listen"},"exception":true,"os":{"loadavg":[1.91,2.31,1.94],"uptime":27005.97},"process":{"argv":["node","/home/akhil/CFP238/FireBase Project/Fundoo-Note-Firebase/src/index.js"],"cwd":"/home/akhil/CFP238/FireBase Project/Fundoo-Note-Firebase","execPath":"/usr/local/bin/node","gid":1000,"memoryUsage":{"arrayBuffers":1088122,"external":12495348,"heapTotal":93138944,"heapUsed":55914016,"rss":144162816},"pid":55414,"uid":1000,"version":"v16.16.0"},"stack":"Error: listen EADDRINUSE: address already in use :::3003\n    at Server.setupListenHandle [as _listen2] (node:net:1372:16)\n    at listenInCluster (node:net:1420:12)\n    at Server.listen (node:net:1508:7)\n    at Function.listen (/home/akhil/CFP238/FireBase Project/Fundoo-Note-Firebase/node_modules/express/lib/application.js:635:24)\n    at Object.<anonymous> (/home/akhil/CFP238/FireBase Project/Fundoo-Note-Firebase/src/index.js:37:5)\n    at Module._compile (node:internal/modules/cjs/loader:1105:14)\n    at Module._compile (/home/akhil/CFP238/FireBase Project/Fundoo-Note-Firebase/node_modules/pirates/lib/index.js:117:24)\n    at Module._extensions..js (node:internal/modules/cjs/loader:1159:10)\n    at Object.newLoader [as .js] (/home/akhil/CFP238/FireBase Project/Fundoo-Note-Firebase/node_modules/pirates/lib/index.js:121:7)\n    at Module.load (node:internal/modules/cjs/loader:981:32)\n    at Function.Module._load (node:internal/modules/cjs/loader:822:12)\n    at Function.runMain (node:internal/modules/run_main:77:12)\n    at Object.<anonymous> (/home/akhil/CFP238/FireBase Project/Fundoo-Note-Firebase/node_modules/@babel/node/src/_babel-node.ts:222:12)\n    at Module._compile (node:internal/modules/cjs/loader:1105:14)\n    at Object.Module._extensions..js (node:internal/modules/cjs/loader:1159:10)\n    at Module.load (node:internal/modules/cjs/loader:981:32)\n    at Function.Module._load (node:internal/modules/cjs/loader:822:12)\n    at Function.executeUserEntryPoint [as runMain] (node:internal/modules/run_main:77:12)\n    at node:internal/main/run_main_module:17:47","trace":[{"column":16,"file":"node:net","function":"Server.setupListenHandle [as _listen2]","line":1372,"method":"setupListenHandle [as _listen2]","native":false},{"column":12,"file":"node:net","function":"listenInCluster","line":1420,"method":null,"native":false},{"column":7,"file":"node:net","function":"Server.listen","line":1508,"method":"listen","native":false},{"column":24,"file":"/home/akhil/CFP238/FireBase Project/Fundoo-Note-Firebase/node_modules/express/lib/application.js","function":"Function.listen","line":635,"method":"listen","native":false},{"column":5,"file":"/home/akhil/CFP238/FireBase Project/Fundoo-Note-Firebase/src/index.js","function":null,"line":37,"method":null,"native":false},{"column":14,"file":"node:internal/modules/cjs/loader","function":"Module._compile","line":1105,"method":"_compile","native":false},{"column":24,"file":"/home/akhil/CFP238/FireBase Project/Fundoo-Note-Firebase/node_modules/pirates/lib/index.js","function":"Module._compile","line":117,"method":"_compile","native":false},{"column":10,"file":"node:internal/modules/cjs/loader","function":"Module._extensions..js","line":1159,"method":".js","native":false},{"column":7,"file":"/home/akhil/CFP238/FireBase Project/Fundoo-Note-Firebase/node_modules/pirates/lib/index.js","function":"Object.newLoader [as .js]","line":121,"method":"js]","native":false},{"column":32,"file":"node:internal/modules/cjs/loader","function":"Module.load","line":981,"method":"load","native":false},{"column":12,"file":"node:internal/modules/cjs/loader","function":"Module._load","line":822,"method":"_load","native":false},{"column":12,"file":"node:internal/modules/run_main","function":"Function.runMain","line":77,"method":"runMain","native":false},{"column":12,"file":"/home/akhil/CFP238/FireBase Project/Fundoo-Note-Firebase/node_modules/@babel/node/src/_babel-node.ts","function":null,"line":222,"method":null,"native":false},{"column":14,"file":"node:internal/modules/cjs/loader","function":"Module._compile","line":1105,"method":"_compile","native":false},{"column":10,"file":"node:internal/modules/cjs/loader","function":"Module._extensions..js","line":1159,"method":".js","native":false},{"column":32,"file":"node:internal/modules/cjs/loader","function":"Module.load","line":981,"method":"load","native":false},{"column":12,"file":"node:internal/modules/cjs/loader","function":"Module._load","line":822,"method":"_load","native":false},{"column":12,"file":"node:internal/modules/run_main","function":"Function.executeUserEntryPoint [as runMain]","line":77,"method":"executeUserEntryPoint [as runMain]","native":false},{"column":47,"file":"node:internal/main/run_main_module","function":null,"line":17,"method":null,"native":false}]}
error: uncaughtException: EIO: i/o error, write
Error: EIO: i/o error, write
    at writeSync (node:fs:888:3)
    at SyncWriteStream._write (node:internal/fs/sync_write_stream:25:3)
    at writeOrBuffer (node:internal/streams/writable:389:12)
    at _write (node:internal/streams/writable:330:10)
    at SyncWriteStream.Writable.write (node:internal/streams/writable:334:10)
    at Console.log (/home/akhil/CFP238/FireBase Project/Fundoo-Note-Firebase/node_modules/winston/lib/winston/transports/console.js:79:23)
    at Console._write (/home/akhil/CFP238/FireBase Project/Fundoo-Note-Firebase/node_modules/winston-transport/index.js:82:19)
    at doWrite (/home/akhil/CFP238/FireBase Project/Fundoo-Note-Firebase/node_modules/winston-transport/node_modules/readable-stream/lib/_stream_writable.js:390:139)
    at writeOrBuffer (/home/akhil/CFP238/FireBase Project/Fundoo-Note-Firebase/node_modules/winston-transport/node_modules/readable-stream/lib/_stream_writable.js:381:5)
    at Console.Writable.write (/home/akhil/CFP238/FireBase Project/Fundoo-Note-Firebase/node_modules/winston-transport/node_modules/readable-stream/lib/_stream_writable.js:302:11)
    at DerivedLogger.ondata (/home/akhil/CFP238/FireBase Project/Fundoo-Note-Firebase/node_modules/winston/node_modules/readable-stream/lib/_stream_readable.js:629:20)
    at DerivedLogger.emit (node:events:539:35)
    at DerivedLogger.emit (node:domain:475:12)
    at addChunk (/home/akhil/CFP238/FireBase Project/Fundoo-Note-Firebase/node_modules/winston/node_modules/readable-stream/lib/_stream_readable.js:279:12)
    at readableAddChunk (/home/akhil/CFP238/FireBase Project/Fundoo-Note-Firebase/node_modules/winston/node_modules/readable-stream/lib/_stream_readable.js:262:11)
    at DerivedLogger.Readable.push (/home/akhil/CFP238/FireBase Project/Fundoo-Note-Firebase/node_modules/winston/node_modules/readable-stream/lib/_stream_readable.js:228:10)
    at DerivedLogger.Transform.push (/home/akhil/CFP238/FireBase Project/Fundoo-Note-Firebase/node_modules/winston/node_modules/readable-stream/lib/_stream_transform.js:132:32)
    at DerivedLogger._transform (/home/akhil/CFP238/FireBase Project/Fundoo-Note-Firebase/node_modules/winston/lib/winston/logger.js:313:12)
    at DerivedLogger.Transform._read (/home/akhil/CFP238/FireBase Project/Fundoo-Note-Firebase/node_modules/winston/node_modules/readable-stream/lib/_stream_transform.js:166:10)
    at DerivedLogger.Transform._write (/home/akhil/CFP238/FireBase Project/Fundoo-Note-Firebase/node_modules/winston/node_modules/readable-stream/lib/_stream_transform.js:155:83)
    at doWrite (/home/akhil/CFP238/FireBase Project/Fundoo-Note-Firebase/node_modules/winston/node_modules/readable-stream/lib/_stream_writable.js:390:139)
    at writeOrBuffer (/home/akhil/CFP238/FireBase Project/Fundoo-Note-Firebase/node_modules/winston/node_modules/readable-stream/lib/_stream_writable.js:381:5)
    at DerivedLogger.Writable.write (/home/akhil/CFP238/FireBase Project/Fundoo-Note-Firebase/node_modules/winston/node_modules/readable-stream/lib/_stream_writable.js:302:11)
    at DerivedLogger.info (/home/akhil/CFP238/FireBase Project/Fundoo-Note-Firebase/node_modules/winston/lib/winston/create-logger.js:81:14)
    at Server.<anonymous> (/home/akhil/CFP238/FireBase Project/Fundoo-Note-Firebase/src/index.js:38:10)
    at Object.onceWrapper (node:events:641:28)
    at Server.emit (node:events:527:28)
    at Server.emit (node:domain:475:12)
    at emitListeningNT (node:net:1406:10)
    at processTicksAndRejections (node:internal/process/task_queues:82:21) {"date":"Fri Aug 18 2023 18:26:27 GMT+0530 (India Standard Time)","error":{"code":"EIO","errno":-5,"syscall":"write"},"exception":true,"os":{"loadavg":[1.36,2.03,1.87],"uptime":27076.88},"process":{"argv":["node","/home/akhil/CFP238/FireBase Project/Fundoo-Note-Firebase/src/index.js"],"cwd":"/home/akhil/CFP238/FireBase Project/Fundoo-Note-Firebase","execPath":"/usr/local/bin/node","gid":1000,"memoryUsage":{"arrayBuffers":1955088,"external":3688936,"heapTotal":93466624,"heapUsed":60391528,"rss":146632704},"pid":55764,"uid":1000,"version":"v16.16.0"},"stack":"Error: EIO: i/o error, write\n    at writeSync (node:fs:888:3)\n    at SyncWriteStream._write (node:internal/fs/sync_write_stream:25:3)\n    at writeOrBuffer (node:internal/streams/writable:389:12)\n    at _write (node:internal/streams/writable:330:10)\n    at SyncWriteStream.Writable.write (node:internal/streams/writable:334:10)\n    at Console.log (/home/akhil/CFP238/FireBase Project/Fundoo-Note-Firebase/node_modules/winston/lib/winston/transports/console.js:79:23)\n    at Console._write (/home/akhil/CFP238/FireBase Project/Fundoo-Note-Firebase/node_modules/winston-transport/index.js:82:19)\n    at doWrite (/home/akhil/CFP238/FireBase Project/Fundoo-Note-Firebase/node_modules/winston-transport/node_modules/readable-stream/lib/_stream_writable.js:390:139)\n    at writeOrBuffer (/home/akhil/CFP238/FireBase Project/Fundoo-Note-Firebase/node_modules/winston-transport/node_modules/readable-stream/lib/_stream_writable.js:381:5)\n    at Console.Writable.write (/home/akhil/CFP238/FireBase Project/Fundoo-Note-Firebase/node_modules/winston-transport/node_modules/readable-stream/lib/_stream_writable.js:302:11)\n    at DerivedLogger.ondata (/home/akhil/CFP238/FireBase Project/Fundoo-Note-Firebase/node_modules/winston/node_modules/readable-stream/lib/_stream_readable.js:629:20)\n    at DerivedLogger.emit (node:events:539:35)\n    at DerivedLogger.emit (node:domain:475:12)\n    at addChunk (/home/akhil/CFP238/FireBase Project/Fundoo-Note-Firebase/node_modules/winston/node_modules/readable-stream/lib/_stream_readable.js:279:12)\n    at readableAddChunk (/home/akhil/CFP238/FireBase Project/Fundoo-Note-Firebase/node_modules/winston/node_modules/readable-stream/lib/_stream_readable.js:262:11)\n    at DerivedLogger.Readable.push (/home/akhil/CFP238/FireBase Project/Fundoo-Note-Firebase/node_modules/winston/node_modules/readable-stream/lib/_stream_readable.js:228:10)\n    at DerivedLogger.Transform.push (/home/akhil/CFP238/FireBase Project/Fundoo-Note-Firebase/node_modules/winston/node_modules/readable-stream/lib/_stream_transform.js:132:32)\n    at DerivedLogger._transform (/home/akhil/CFP238/FireBase Project/Fundoo-Note-Firebase/node_modules/winston/lib/winston/logger.js:313:12)\n    at DerivedLogger.Transform._read (/home/akhil/CFP238/FireBase Project/Fundoo-Note-Firebase/node_modules/winston/node_modules/readable-stream/lib/_stream_transform.js:166:10)\n    at DerivedLogger.Transform._write (/home/akhil/CFP238/FireBase Project/Fundoo-Note-Firebase/node_modules/winston/node_modules/readable-stream/lib/_stream_transform.js:155:83)\n    at doWrite (/home/akhil/CFP238/FireBase Project/Fundoo-Note-Firebase/node_modules/winston/node_modules/readable-stream/lib/_stream_writable.js:390:139)\n    at writeOrBuffer (/home/akhil/CFP238/FireBase Project/Fundoo-Note-Firebase/node_modules/winston/node_modules/readable-stream/lib/_stream_writable.js:381:5)\n    at DerivedLogger.Writable.write (/home/akhil/CFP238/FireBase Project/Fundoo-Note-Firebase/node_modules/winston/node_modules/readable-stream/lib/_stream_writable.js:302:11)\n    at DerivedLogger.info (/home/akhil/CFP238/FireBase Project/Fundoo-Note-Firebase/node_modules/winston/lib/winston/create-logger.js:81:14)\n    at Server.<anonymous> (/home/akhil/CFP238/FireBase Project/Fundoo-Note-Firebase/src/index.js:38:10)\n    at Object.onceWrapper (node:events:641:28)\n    at Server.emit (node:events:527:28)\n    at Server.emit (node:domain:475:12)\n    at emitListeningNT (node:net:1406:10)\n    at processTicksAndRejections (node:internal/process/task_queues:82:21)","trace":[{"column":3,"file":"node:fs","function":"writeSync","line":888,"method":null,"native":false},{"column":3,"file":"node:internal/fs/sync_write_stream","function":"SyncWriteStream._write","line":25,"method":"_write","native":false},{"column":12,"file":"node:internal/streams/writable","function":"writeOrBuffer","line":389,"method":null,"native":false},{"column":10,"file":"node:internal/streams/writable","function":"_write","line":330,"method":null,"native":false},{"column":10,"file":"node:internal/streams/writable","function":"SyncWriteStream.Writable.write","line":334,"method":"write","native":false},{"column":23,"file":"/home/akhil/CFP238/FireBase Project/Fundoo-Note-Firebase/node_modules/winston/lib/winston/transports/console.js","function":"Console.log","line":79,"method":"log","native":false},{"column":19,"file":"/home/akhil/CFP238/FireBase Project/Fundoo-Note-Firebase/node_modules/winston-transport/index.js","function":"Console._write","line":82,"method":"_write","native":false},{"column":139,"file":"/home/akhil/CFP238/FireBase Project/Fundoo-Note-Firebase/node_modules/winston-transport/node_modules/readable-stream/lib/_stream_writable.js","function":"doWrite","line":390,"method":null,"native":false},{"column":5,"file":"/home/akhil/CFP238/FireBase Project/Fundoo-Note-Firebase/node_modules/winston-transport/node_modules/readable-stream/lib/_stream_writable.js","function":"writeOrBuffer","line":381,"method":null,"native":false},{"column":11,"file":"/home/akhil/CFP238/FireBase Project/Fundoo-Note-Firebase/node_modules/winston-transport/node_modules/readable-stream/lib/_stream_writable.js","function":"Console.Writable.write","line":302,"method":"write","native":false},{"column":20,"file":"/home/akhil/CFP238/FireBase Project/Fundoo-Note-Firebase/node_modules/winston/node_modules/readable-stream/lib/_stream_readable.js","function":"DerivedLogger.ondata","line":629,"method":"ondata","native":false},{"column":35,"file":"node:events","function":"DerivedLogger.emit","line":539,"method":"emit","native":false},{"column":12,"file":"node:domain","function":"DerivedLogger.emit","line":475,"method":"emit","native":false},{"column":12,"file":"/home/akhil/CFP238/FireBase Project/Fundoo-Note-Firebase/node_modules/winston/node_modules/readable-stream/lib/_stream_readable.js","function":"addChunk","line":279,"method":null,"native":false},{"column":11,"file":"/home/akhil/CFP238/FireBase Project/Fundoo-Note-Firebase/node_modules/winston/node_modules/readable-stream/lib/_stream_readable.js","function":"readableAddChunk","line":262,"method":null,"native":false},{"column":10,"file":"/home/akhil/CFP238/FireBase Project/Fundoo-Note-Firebase/node_modules/winston/node_modules/readable-stream/lib/_stream_readable.js","function":"DerivedLogger.Readable.push","line":228,"method":"push","native":false},{"column":32,"file":"/home/akhil/CFP238/FireBase Project/Fundoo-Note-Firebase/node_modules/winston/node_modules/readable-stream/lib/_stream_transform.js","function":"DerivedLogger.Transform.push","line":132,"method":"push","native":false},{"column":12,"file":"/home/akhil/CFP238/FireBase Project/Fundoo-Note-Firebase/node_modules/winston/lib/winston/logger.js","function":"DerivedLogger._transform","line":313,"method":"_transform","native":false},{"column":10,"file":"/home/akhil/CFP238/FireBase Project/Fundoo-Note-Firebase/node_modules/winston/node_modules/readable-stream/lib/_stream_transform.js","function":"DerivedLogger.Transform._read","line":166,"method":"_read","native":false},{"column":83,"file":"/home/akhil/CFP238/FireBase Project/Fundoo-Note-Firebase/node_modules/winston/node_modules/readable-stream/lib/_stream_transform.js","function":"DerivedLogger.Transform._write","line":155,"method":"_write","native":false},{"column":139,"file":"/home/akhil/CFP238/FireBase Project/Fundoo-Note-Firebase/node_modules/winston/node_modules/readable-stream/lib/_stream_writable.js","function":"doWrite","line":390,"method":null,"native":false},{"column":5,"file":"/home/akhil/CFP238/FireBase Project/Fundoo-Note-Firebase/node_modules/winston/node_modules/readable-stream/lib/_stream_writable.js","function":"writeOrBuffer","line":381,"method":null,"native":false},{"column":11,"file":"/home/akhil/CFP238/FireBase Project/Fundoo-Note-Firebase/node_modules/winston/node_modules/readable-stream/lib/_stream_writable.js","function":"DerivedLogger.Writable.write","line":302,"method":"write","native":false},{"column":14,"file":"/home/akhil/CFP238/FireBase Project/Fundoo-Note-Firebase/node_modules/winston/lib/winston/create-logger.js","function":"DerivedLogger.info","line":81,"method":"info","native":false},{"column":10,"file":"/home/akhil/CFP238/FireBase Project/Fundoo-Note-Firebase/src/index.js","function":null,"line":38,"method":null,"native":false},{"column":28,"file":"node:events","function":"Object.onceWrapper","line":641,"method":"onceWrapper","native":false},{"column":28,"file":"node:events","function":"Server.emit","line":527,"method":"emit","native":false},{"column":12,"file":"node:domain","function":"Server.emit","line":475,"method":"emit","native":false},{"column":10,"file":"node:net","function":"emitListeningNT","line":1406,"method":null,"native":false},{"column":21,"file":"node:internal/process/task_queues","function":"processTicksAndRejections","line":82,"method":null,"native":false}]}
info: ::1 - - [19/Aug/2023:02:18:04 +0000] "POST /api/v1/users HTTP/1.1" 400 60 "-" "PostmanRuntime/7.32.3"

info: ::1 - - [19/Aug/2023:02:19:09 +0000] "POST /api/v1/users HTTP/1.1" 400 60 "-" "PostmanRuntime/7.32.3"

info: ::1 - - [19/Aug/2023:02:21:28 +0000] "POST /api/v1/users HTTP/1.1" 201 50 "-" "PostmanRuntime/7.32.3"

info: ::1 - - [19/Aug/2023:02:25:42 +0000] "POST /api/v1/users HTTP/1.1" 201 50 "-" "PostmanRuntime/7.32.3"

info: ::1 - - [19/Aug/2023:02:26:34 +0000] "POST /api/v1/users HTTP/1.1" 201 50 "-" "PostmanRuntime/7.32.3"

info: ::1 - - [19/Aug/2023:02:26:39 +0000] "POST /api/v1/users HTTP/1.1" 201 50 "-" "PostmanRuntime/7.32.3"

info: ::1 - - [19/Aug/2023:02:27:19 +0000] "POST /api/v1/users HTTP/1.1" 201 50 "-" "PostmanRuntime/7.32.3"

info: ::1 - - [19/Aug/2023:02:27:57 +0000] "POST /api/v1/users HTTP/1.1" 201 50 "-" "PostmanRuntime/7.32.3"

info: ::1 - - [19/Aug/2023:02:40:50 +0000] "POST /api/v1/users HTTP/1.1" 201 3125 "-" "PostmanRuntime/7.32.3"

info: ::1 - - [19/Aug/2023:02:55:40 +0000] "POST /api/v1/users HTTP/1.1" 201 3125 "-" "PostmanRuntime/7.32.3"

info: ::1 - - [19/Aug/2023:03:02:39 +0000] "POST /api/v1/users HTTP/1.1" 400 80 "-" "PostmanRuntime/7.32.3"

info: ::1 - - [19/Aug/2023:03:02:56 +0000] "POST /api/v1/users HTTP/1.1" 400 80 "-" "PostmanRuntime/7.32.3"

info: ::1 - - [19/Aug/2023:03:03:40 +0000] "POST /api/v1/users HTTP/1.1" 201 134 "-" "PostmanRuntime/7.32.3"

info: ::1 - - [19/Aug/2023:03:09:29 +0000] "POST /api/v1/users HTTP/1.1" 400 80 "-" "PostmanRuntime/7.32.3"

info: ::1 - - [19/Aug/2023:03:09:33 +0000] "POST /api/v1/users HTTP/1.1" 400 80 "-" "PostmanRuntime/7.32.3"

info: ::1 - - [19/Aug/2023:03:09:54 +0000] "POST /api/v1/users HTTP/1.1" 400 80 "-" "PostmanRuntime/7.32.3"

info: ::1 - - [19/Aug/2023:03:11:52 +0000] "POST /api/v1/users HTTP/1.1" 400 80 "-" "PostmanRuntime/7.32.3"

info: ::1 - - [19/Aug/2023:03:11:54 +0000] "POST /api/v1/users HTTP/1.1" 400 80 "-" "PostmanRuntime/7.32.3"

info: ::1 - - [19/Aug/2023:03:11:55 +0000] "POST /api/v1/users HTTP/1.1" 400 80 "-" "PostmanRuntime/7.32.3"

info: ::1 - - [19/Aug/2023:03:11:56 +0000] "POST /api/v1/users HTTP/1.1" 400 80 "-" "PostmanRuntime/7.32.3"

info: ::1 - - [19/Aug/2023:03:11:57 +0000] "POST /api/v1/users HTTP/1.1" 400 80 "-" "PostmanRuntime/7.32.3"

info: ::1 - - [19/Aug/2023:03:12:15 +0000] "POST /api/v1/users HTTP/1.1" 400 80 "-" "PostmanRuntime/7.32.3"

info: ::1 - - [19/Aug/2023:03:12:17 +0000] "POST /api/v1/users HTTP/1.1" 400 80 "-" "PostmanRuntime/7.32.3"

info: ::1 - - [19/Aug/2023:03:12:50 +0000] "POST /api/v1/users HTTP/1.1" 400 80 "-" "PostmanRuntime/7.32.3"

info: ::1 - - [19/Aug/2023:03:14:57 +0000] "POST /api/v1/users HTTP/1.1" 400 80 "-" "PostmanRuntime/7.32.3"

info: ::1 - - [19/Aug/2023:03:16:32 +0000] "POST /api/v1/users HTTP/1.1" 201 168 "-" "PostmanRuntime/7.32.3"

info: ::1 - - [19/Aug/2023:03:22:14 +0000] "POST /api/v1/users HTTP/1.1" 201 169 "-" "PostmanRuntime/7.32.3"

info: ::1 - - [20/Aug/2023:16:11:57 +0000] "POST /api/v1/users HTTP/1.1" 201 168 "-" "PostmanRuntime/7.32.3"

info: ::1 - - [20/Aug/2023:16:13:08 +0000] "POST /api/v1/users HTTP/1.1" 201 165 "-" "PostmanRuntime/7.32.3"

info: ::1 - - [20/Aug/2023:16:13:30 +0000] "GET /api/v1/users HTTP/1.1" 200 506 "-" "PostmanRuntime/7.32.3"

info: ::1 - - [21/Aug/2023:02:13:22 +0000] "PUT /api/v1/users/47dJB38Oa5Ma6kW7WHOd HTTP/1.1" 202 175 "-" "PostmanRuntime/7.32.3"

info: ::1 - - [21/Aug/2023:02:13:38 +0000] "PUT /api/v1/users/47dJB38Oa5Ma6kW7WHOd HTTP/1.1" 202 175 "-" "PostmanRuntime/7.32.3"

